<?xml version="1.0" encoding="UTF-8"?>
<coverage generated="1533994498067" clover="3.2.0">
  <project timestamp="1533994498067" name="All files">
    <metrics statements="21" coveredstatements="21" conditionals="6" coveredconditionals="6" methods="4" coveredmethods="4" elements="31" coveredelements="31" complexity="0" loc="21" ncloc="21" packages="1" files="1" classes="1">
      <file name="calculator.js" path="/Users/user/work/dojo-starter/src/calculator.js">
        <metrics statements="21" coveredstatements="21" conditionals="6" coveredconditionals="6" methods="4" coveredmethods="4"/>
        <line num="1" count="1" type="stmt"/>
        <line num="2" count="1" type="stmt"/>
        <line num="20" count="23" type="stmt"/>
        <line num="24" count="9" type="stmt"/>
        <line num="25" count="9" type="stmt"/>
        <line num="26" count="34" type="stmt"/>
        <line num="27" count="34" type="stmt"/>
        <line num="28" count="34" type="cond" truecount="2" falsecount="0"/>
        <line num="29" count="34" type="cond" truecount="2" falsecount="0"/>
        <line num="30" count="3" type="stmt"/>
        <line num="32" count="34" type="stmt"/>
        <line num="34" count="34" type="stmt"/>
        <line num="38" count="10" type="stmt"/>
        <line num="39" count="10" type="stmt"/>
        <line num="40" count="10" type="stmt"/>
        <line num="41" count="165" type="stmt"/>
        <line num="42" count="165" type="cond" truecount="2" falsecount="0"/>
        <line num="43" count="35" type="stmt"/>
        <line num="44" count="35" type="stmt"/>
        <line num="46" count="130" type="stmt"/>
        <line num="49" count="10" type="stmt"/>
      </file>
    </metrics>
  </project>
</coverage>
