TN:
SF:/Users/user/work/dojo-starter/src/calculator.js
FN:19,(anonymous_0)
FN:23,(anonymous_1)
FN:34,(anonymous_2)
FN:37,(anonymous_3)
FNF:4
FNH:4
FNDA:23,(anonymous_0)
FNDA:9,(anonymous_1)
FNDA:34,(anonymous_2)
FNDA:10,(anonymous_3)
DA:1,1
DA:2,1
DA:20,23
DA:24,9
DA:25,9
DA:26,34
DA:27,34
DA:28,34
DA:29,34
DA:30,3
DA:32,34
DA:34,34
DA:38,10
DA:39,10
DA:40,10
DA:41,165
DA:42,165
DA:43,35
DA:44,35
DA:46,130
DA:49,10
LF:21
LH:21
BRDA:28,0,0,34
BRDA:28,0,1,31
BRDA:29,1,0,3
BRDA:29,1,1,31
BRDA:42,2,0,35
BRDA:42,2,1,130
BRF:6
BRH:6
end_of_record
